<?xml version="1.0" encoding="UTF-8"?>
<coverage generated="1722514579376" clover="3.2.0">
  <project timestamp="1722514579376" name="All files">
    <metrics statements="16" coveredstatements="11" conditionals="0" coveredconditionals="0" methods="7" coveredmethods="2" elements="23" coveredelements="13" complexity="0" loc="16" ncloc="16" packages="5" files="6" classes="6"/>
    <package name="React Test">
      <metrics statements="2" coveredstatements="1" conditionals="0" coveredconditionals="0" methods="1" coveredmethods="0"/>
      <file name="file-mock.js" path="C:\Users\sureshmanikandan.k\Documents\React Test\file-mock.js">
        <metrics statements="2" coveredstatements="1" conditionals="0" coveredconditionals="0" methods="1" coveredmethods="0"/>
        <line num="1" count="1" type="stmt"/>
        <line num="3" count="0" type="stmt"/>
      </file>
    </package>
    <package name="React Test.src">
      <metrics statements="1" coveredstatements="1" conditionals="0" coveredconditionals="0" methods="1" coveredmethods="1"/>
      <file name="App.js" path="C:\Users\sureshmanikandan.k\Documents\React Test\src\App.js">
        <metrics statements="1" coveredstatements="1" conditionals="0" coveredconditionals="0" methods="1" coveredmethods="1"/>
        <line num="17" count="1" type="stmt"/>
      </file>
    </package>
    <package name="React Test.src.List">
      <metrics statements="6" coveredstatements="5" conditionals="0" coveredconditionals="0" methods="2" coveredmethods="1"/>
      <file name="BestOfUsPageComp.js" path="C:\Users\sureshmanikandan.k\Documents\React Test\src\List\BestOfUsPageComp.js">
        <metrics statements="6" coveredstatements="5" conditionals="0" coveredconditionals="0" methods="2" coveredmethods="1"/>
        <line num="15" count="1" type="stmt"/>
        <line num="16" count="1" type="stmt"/>
        <line num="18" count="1" type="stmt"/>
        <line num="19" count="0" type="stmt"/>
        <line num="22" count="1" type="stmt"/>
        <line num="457" count="1" type="stmt"/>
      </file>
    </package>
    <package name="React Test.src.shared.constant">
      <metrics statements="1" coveredstatements="1" conditionals="0" coveredconditionals="0" methods="0" coveredmethods="0"/>
      <file name="ConstantData.js" path="C:\Users\sureshmanikandan.k\Documents\React Test\src\shared\constant\ConstantData.js">
        <metrics statements="1" coveredstatements="1" conditionals="0" coveredconditionals="0" methods="0" coveredmethods="0"/>
        <line num="74" count="1" type="stmt"/>
      </file>
    </package>
    <package name="React Test.src.utils">
      <metrics statements="6" coveredstatements="3" conditionals="0" coveredconditionals="0" methods="3" coveredmethods="0"/>
      <file name="appStore.js" path="C:\Users\sureshmanikandan.k\Documents\React Test\src\utils\appStore.js">
        <metrics statements="1" coveredstatements="1" conditionals="0" coveredconditionals="0" methods="0" coveredmethods="0"/>
        <line num="4" count="1" type="stmt"/>
      </file>
      <file name="cartSlice.js" path="C:\Users\sureshmanikandan.k\Documents\React Test\src\utils\cartSlice.js">
        <metrics statements="5" coveredstatements="2" conditionals="0" coveredconditionals="0" methods="3" coveredmethods="0"/>
        <line num="4" count="1" type="stmt"/>
        <line num="11" count="0" type="stmt"/>
        <line num="14" count="0" type="stmt"/>
        <line num="15" count="0" type="stmt"/>
        <line num="20" count="1" type="stmt"/>
      </file>
    </package>
  </project>
</coverage>
