{"C:\\Users\\sureshmanikandan.k\\Documents\\React Test\\file-mock.js": {"path":"C:\\Users\\sureshmanikandan.k\\Documents\\React Test\\file-mock.js","statementMap":{"0":{"start":{"line":1,"column":0},"end":{"line":5,"column":4}},"1":{"start":{"line":3,"column":6},"end":{"line":3,"column":49}}},"fnMap":{"0":{"name":"(anonymous_0)","decl":{"start":{"line":2,"column":4},"end":{"line":2,"column":5}},"loc":{"start":{"line":2,"column":14},"end":{"line":4,"column":5}},"line":2}},"branchMap":{},"s":{"0":1,"1":0},"f":{"0":0},"b":{},"_coverageSchema":"1a1c01bbd47fc00a2c39e90264f33305004495a9","hash":"2ab44ebedc0dd77f97657ab3a0c226031eb3772b"}
,"C:\\Users\\sureshmanikandan.k\\Documents\\React Test\\src\\App.js": {"path":"C:\\Users\\sureshmanikandan.k\\Documents\\React Test\\src\\App.js","statementMap":{"0":{"start":{"line":17,"column":2},"end":{"line":20,"column":4}}},"fnMap":{"0":{"name":"App","decl":{"start":{"line":16,"column":9},"end":{"line":16,"column":12}},"loc":{"start":{"line":16,"column":15},"end":{"line":21,"column":1}},"line":16}},"branchMap":{},"s":{"0":1},"f":{"0":1},"b":{},"_coverageSchema":"1a1c01bbd47fc00a2c39e90264f33305004495a9","hash":"b86f8827fefacd305eb36ccb22fd2dcbb9f7cdcc"}
,"C:\\Users\\sureshmanikandan.k\\Documents\\React Test\\src\\List\\BestOfUsPageComp.js": {"path":"C:\\Users\\sureshmanikandan.k\\Documents\\React Test\\src\\List\\BestOfUsPageComp.js","statementMap":{"0":{"start":{"line":15,"column":25},"end":{"line":455,"column":1}},"1":{"start":{"line":16,"column":34},"end":{"line":16,"column":49}},"2":{"start":{"line":18,"column":26},"end":{"line":20,"column":3}},"3":{"start":{"line":19,"column":4},"end":{"line":19,"column":22}},"4":{"start":{"line":22,"column":2},"end":{"line":454,"column":4}},"5":{"start":{"line":457,"column":15},"end":{"line":465,"column":1}}},"fnMap":{"0":{"name":"(anonymous_0)","decl":{"start":{"line":15,"column":25},"end":{"line":15,"column":26}},"loc":{"start":{"line":15,"column":31},"end":{"line":455,"column":1}},"line":15},"1":{"name":"(anonymous_1)","decl":{"start":{"line":18,"column":26},"end":{"line":18,"column":27}},"loc":{"start":{"line":18,"column":32},"end":{"line":20,"column":3}},"line":18}},"branchMap":{},"s":{"0":1,"1":1,"2":1,"3":0,"4":1,"5":1},"f":{"0":1,"1":0},"b":{},"_coverageSchema":"1a1c01bbd47fc00a2c39e90264f33305004495a9","hash":"f40bf0460f774098161534b7dc52c6d42b7cc7ed"}
,"C:\\Users\\sureshmanikandan.k\\Documents\\React Test\\src\\shared\\constant\\ConstantData.js": {"path":"C:\\Users\\sureshmanikandan.k\\Documents\\React Test\\src\\shared\\constant\\ConstantData.js","statementMap":{"0":{"start":{"line":74,"column":17},"end":{"line":74,"column":599}}},"fnMap":{},"branchMap":{},"s":{"0":1},"f":{},"b":{},"_coverageSchema":"1a1c01bbd47fc00a2c39e90264f33305004495a9","hash":"f877c4ea0a0726fcc9a4697eda1b36dee6c94729"}
,"C:\\Users\\sureshmanikandan.k\\Documents\\React Test\\src\\utils\\appStore.js": {"path":"C:\\Users\\sureshmanikandan.k\\Documents\\React Test\\src\\utils\\appStore.js","statementMap":{"0":{"start":{"line":4,"column":14},"end":{"line":8,"column":2}}},"fnMap":{},"branchMap":{},"s":{"0":1},"f":{},"b":{},"_coverageSchema":"1a1c01bbd47fc00a2c39e90264f33305004495a9","hash":"c9a365a6070c61e1b3a4331e7b4416afb728e4b1"}
,"C:\\Users\\sureshmanikandan.k\\Documents\\React Test\\src\\utils\\cartSlice.js": {"path":"C:\\Users\\sureshmanikandan.k\\Documents\\React Test\\src\\utils\\cartSlice.js","statementMap":{"0":{"start":{"line":4,"column":18},"end":{"line":18,"column":2}},"1":{"start":{"line":11,"column":6},"end":{"line":11,"column":39}},"2":{"start":{"line":14,"column":25},"end":{"line":14,"column":39}},"3":{"start":{"line":15,"column":6},"end":{"line":15,"column":71}},"4":{"start":{"line":15,"column":47},"end":{"line":15,"column":69}},"5":{"start":{"line":20,"column":39},"end":{"line":20,"column":56}}},"fnMap":{"0":{"name":"(anonymous_0)","decl":{"start":{"line":10,"column":13},"end":{"line":10,"column":14}},"loc":{"start":{"line":10,"column":32},"end":{"line":12,"column":5}},"line":10},"1":{"name":"(anonymous_1)","decl":{"start":{"line":13,"column":16},"end":{"line":13,"column":17}},"loc":{"start":{"line":13,"column":35},"end":{"line":16,"column":5}},"line":13},"2":{"name":"(anonymous_2)","decl":{"start":{"line":15,"column":39},"end":{"line":15,"column":40}},"loc":{"start":{"line":15,"column":47},"end":{"line":15,"column":69}},"line":15}},"branchMap":{},"s":{"0":1,"1":0,"2":0,"3":0,"4":0,"5":1},"f":{"0":0,"1":0,"2":0},"b":{},"_coverageSchema":"1a1c01bbd47fc00a2c39e90264f33305004495a9","hash":"64412e42d57eaf947c11c74e87639151e7cfbfdc"}
}
