TN:
SF:file-mock.js
FN:2,(anonymous_0)
FNF:1
FNH:0
FNDA:0,(anonymous_0)
DA:1,1
DA:3,0
LF:2
LH:1
BRF:0
BRH:0
end_of_record
TN:
SF:src\App.js
FN:16,App
FNF:1
FNH:1
FNDA:1,App
DA:17,1
LF:1
LH:1
BRF:0
BRH:0
end_of_record
TN:
SF:src\List\BestOfUsPageComp.js
FN:15,(anonymous_0)
FN:18,(anonymous_1)
FNF:2
FNH:1
FNDA:1,(anonymous_0)
FNDA:0,(anonymous_1)
DA:15,1
DA:16,1
DA:18,1
DA:19,0
DA:22,1
DA:457,1
LF:6
LH:5
BRF:0
BRH:0
end_of_record
TN:
SF:src\shared\constant\ConstantData.js
FNF:0
FNH:0
DA:74,1
LF:1
LH:1
BRF:0
BRH:0
end_of_record
TN:
SF:src\utils\appStore.js
FNF:0
FNH:0
DA:4,1
LF:1
LH:1
BRF:0
BRH:0
end_of_record
TN:
SF:src\utils\cartSlice.js
FN:10,(anonymous_0)
FN:13,(anonymous_1)
FN:15,(anonymous_2)
FNF:3
FNH:0
FNDA:0,(anonymous_0)
FNDA:0,(anonymous_1)
FNDA:0,(anonymous_2)
DA:4,1
DA:11,0
DA:14,0
DA:15,0
DA:20,1
LF:5
LH:2
BRF:0
BRH:0
end_of_record
